<?xml version="1.0" encoding="UTF-8"?>
<testng-results ignored="0" total="1" passed="1" failed="0" skipped="0">
  <reporter-output>
  </reporter-output>
  <suite started-at="2020-11-25T12:44:58 IST" name="Default suite" finished-at="2020-11-25T12:45:09 IST" duration-ms="10794">
    <groups>
    </groups>
    <test started-at="2020-11-25T12:44:58 IST" name="Default test" finished-at="2020-11-25T12:45:09 IST" duration-ms="10794">
      <class name="Alerts">
        <test-method is-config="true" signature="open()[pri:0, instance:Alerts@4b8ee4de]" started-at="2020-11-25T12:44:58 IST" name="open" finished-at="2020-11-25T12:45:07 IST" duration-ms="9122" status="PASS">
          <reporter-output>
          </reporter-output>
        </test-method> <!-- open -->
        <test-method signature="data()[pri:0, instance:Alerts@4b8ee4de]" started-at="2020-11-25T12:45:07 IST" name="data" finished-at="2020-11-25T12:45:09 IST" duration-ms="1507" status="PASS">
          <reporter-output>
          </reporter-output>
        </test-method> <!-- data -->
      </class> <!-- Alerts -->
    </test> <!-- Default test -->
  </suite> <!-- Default suite -->
</testng-results>
